[IMPORT STARTED]
Reading content disk...SUCCESS
Calculating used sample space...0.6/24.0 MB
Syncronizing rejected
Syncronizing config
Syncronizing projects
Syncronizing bounces
Rebuilding plug definitions...SUCCESS
[IMPORT COMPLETE]

[IMPORT STARTED]
Reading content disk...SUCCESS
Calculating used sample space...0.6/24.0 MB
Syncronizing rejected
Syncronizing config
  Ignoring file of wrong type: config/dmx.json.txt
Syncronizing projects
Syncronizing bounces
Rebuilding plug definitions...SUCCESS
[IMPORT COMPLETE]

[IMPORT STARTED]
Reading content disk...SUCCESS
Calculating used sample space...0.6/24.0 MB
Syncronizing rejected
Syncronizing config
Syncronizing projects
Syncronizing bounces
Rebuilding plug definitions...SUCCESS
[IMPORT COMPLETE]

[IMPORT STARTED]
Reading content disk...SUCCESS
Calculating used sample space...0.6/24.0 MB
Syncronizing rejected
Syncronizing config
Syncronizing projects
Syncronizing bounces
Rebuilding plug definitions...SUCCESS
[IMPORT COMPLETE]

[IMPORT STARTED]
Reading content disk...SUCCESS
Calculating used sample space...0.6/24.0 MB
Syncronizing rejected
Syncronizing config
Syncronizing projects
Syncronizing bounces
Rebuilding plug definitions...SUCCESS
[IMPORT COMPLETE]

[IMPORT STARTED]
Reading content disk...SUCCESS
Calculating used sample space...0.6/24.0 MB
Syncronizing rejected
Syncronizing config
Syncronizing projects
Syncronizing bounces
Rebuilding plug definitions...SUCCESS
[IMPORT COMPLETE]

[IMPORT STARTED]
Reading content disk...SUCCESS
Calculating used sample space...0.6/24.0 MB
Syncronizing rejected
Syncronizing config
Syncronizing projects
Syncronizing bounces
Rebuilding plug definitions...SUCCESS
[IMPORT COMPLETE]

[IMPORT STARTED]
Reading content disk...SUCCESS
Calculating used sample space...0.4/24.0 MB
Syncronizing rejected
  removing /yaffs2/user/rejected/config/dmx.json.txt
Syncronizing config
Syncronizing projects
Syncronizing bounces
Rebuilding plug definitions...SUCCESS
[IMPORT COMPLETE]

[IMPORT STARTED]
Reading content disk...SUCCESS
Calculating used sample space...0.4/24.0 MB
Syncronizing rejected
Syncronizing config
Syncronizing projects
Syncronizing bounces
Rebuilding plug definitions...SUCCESS
[IMPORT COMPLETE]

[IMPORT STARTED]
Reading content disk...SUCCESS
Calculating used sample space...0.4/24.0 MB
Syncronizing rejected
Syncronizing config
  importing config/dmx.json...INVALID
Syncronizing projects
Syncronizing bounces
Rebuilding plug definitions...SUCCESS
[IMPORT COMPLETE]

[IMPORT STARTED]
Reading content disk...SUCCESS
Calculating used sample space...1.3/24.0 MB
Syncronizing rejected
Syncronizing config
Syncronizing projects
Syncronizing bounces
Rebuilding plug definitions...SUCCESS
[IMPORT COMPLETE]

